#
# A fatal error has been detected by the Java Runtime Environment:
#
#  EXCEPTION_ACCESS_VIOLATION (0xc0000005) at pc=0x0000000019a2a030, pid=4876, tid=5928
#
# JRE version: Java(TM) SE Runtime Environment (8.0_72-b15) (build 1.8.0_72-b15)
# Java VM: Java HotSpot(TM) 64-Bit Server VM (25.72-b15 mixed mode windows-amd64 compressed oops)
# Problematic frame:
# C  0x0000000019a2a030
#
# Failed to write core dump. Minidumps are not enabled by default on client versions of Windows
#
# If you would like to submit a bug report, please visit:
#   http://bugreport.java.com/bugreport/crash.jsp
# The crash happened outside the Java Virtual Machine in native code.
# See problematic frame for where to report the bug.
#

---------------  T H R E A D  ---------------

Current thread (0x0000000016f41800):  JavaThread "Thread-5" daemon [_thread_in_native, id=5928, stack(0x000000001f680000,0x000000001f780000)]

siginfo: ExceptionCode=0xc0000005, ExceptionInformation=0x0000000000000008 0x0000000019a2a030

Registers:
RAX=0x0000000000000101, RBX=0x00000000199b23b0, RCX=0x000000001f77ee80, RDX=0x0000000019a2a008
RSP=0x000000001f77ee58, RBP=0x000000001f77f068, RSI=0x00000000199e7c20, RDI=0x000000001f77eef8
R8 =0x000000001f77ee80, R9 =0x000000001f77eec0, R10=0x0000000019a2a030, R11=0x0000000072ad96f0
R12=0x0000000000000000, R13=0x00000000145fca50, R14=0x000000001f77f098, R15=0x0000000016f41800
RIP=0x0000000019a2a030, EFLAGS=0x0000000000010246

Top of Stack: (sp=0x000000001f77ee58)
0x000000001f77ee58:   000000006d58f21b 0000000016c45ea0
0x000000001f77ee68:   0000000019a2bb28 00000000199e7c20
0x000000001f77ee78:   0000000002a97730 000000001f77eec0
0x000000001f77ee88:   0000000019a2a008 00000000199b23b0
0x000000001f77ee98:   0000000000000000 0000000000000000
0x000000001f77eea8:   0000000000000000 0000000000000000
0x000000001f77eeb8:   0000000000000000 0000000000000000
0x000000001f77eec8:   0000000000000001 0000000000000000
0x000000001f77eed8:   0000000000000000 0000000000000000
0x000000001f77eee8:   0000000000000101 0000000000000000
0x000000001f77eef8:   0000000072aca900 0000000000000000
0x000000001f77ef08:   00000000199b23b0 0000000002a97730
0x000000001f77ef18:   000000006d58f348 000000001f77f068
0x000000001f77ef28:   0000000000000000 00000000145fca50
0x000000001f77ef38:   000000001f77f098 0000000019a2bb28
0x000000001f77ef48:   00000000199e7c20 0000000002a97730 

Instructions: (pc=0x0000000019a2a030)
0x0000000019a2a010:   b0 23 9b 19 00 00 00 00 c8 23 9b 19 00 00 00 00
0x0000000019a2a020:   b0 23 9b 19 00 00 00 00 80 ac d9 56 f9 7f 00 00
0x0000000019a2a030:   30 a0 a2 19 00 00 00 00 30 a0 a2 19 00 00 00 00
0x0000000019a2a040:   00 00 00 00 00 00 00 00 d0 8a ee 56 f9 7f 00 00 


Register to memory mapping:

RAX=0x0000000000000101 is an unknown value
RBX=0x00000000199b23b0 is an unknown value
RCX=0x000000001f77ee80 is pointing into the stack for thread: 0x0000000016f41800
RDX=0x0000000019a2a008 is an unknown value
RSP=0x000000001f77ee58 is pointing into the stack for thread: 0x0000000016f41800
RBP=0x000000001f77f068 is pointing into the stack for thread: 0x0000000016f41800
RSI=0x00000000199e7c20 is an unknown value
RDI=0x000000001f77eef8 is pointing into the stack for thread: 0x0000000016f41800
R8 =0x000000001f77ee80 is pointing into the stack for thread: 0x0000000016f41800
R9 =0x000000001f77eec0 is pointing into the stack for thread: 0x0000000016f41800
R10=0x0000000019a2a030 is an unknown value
R11=0x0000000072ad96f0 is an unknown value
R12=0x0000000000000000 is an unknown value
R13={method} {0x00000000145fca58} 'reset' '(J)I' in 'org/sqlite/core/NativeDB'
R14=0x000000001f77f098 is pointing into the stack for thread: 0x0000000016f41800
R15=0x0000000016f41800 is a thread


Stack: [0x000000001f680000,0x000000001f780000],  sp=0x000000001f77ee58,  free space=1019k
Native frames: (J=compiled Java code, j=interpreted, Vv=VM code, C=native code)
C  0x0000000019a2a030

Java frames: (J=compiled Java code, j=interpreted, Vv=VM code)
j  org.sqlite.core.NativeDB.reset(J)I+0
j  org.sqlite.core.CoreResultSet.close()V+81
j  org.sqlite.core.CoreStatement.internalClose()V+34
j  org.sqlite.jdbc3.JDBC3Statement.close()V+33
j  application.DbModel.insert(Ljava/nio/file/Path;)I+621
j  application.Finder.find(Ljava/nio/file/Path;)V+25
j  application.Finder.visitFile(Ljava/nio/file/Path;Ljava/nio/file/attribute/BasicFileAttributes;)Ljava/nio/file/FileVisitResult;+49
j  application.Finder.visitFile(Ljava/lang/Object;Ljava/nio/file/attribute/BasicFileAttributes;)Ljava/nio/file/FileVisitResult;+6
j  java.nio.file.Files.walkFileTree(Ljava/nio/file/Path;Ljava/util/Set;ILjava/nio/file/FileVisitor;)Ljava/nio/file/Path;+105
j  java.nio.file.Files.walkFileTree(Ljava/nio/file/Path;Ljava/nio/file/FileVisitor;)Ljava/nio/file/Path;+9
j  application.ScanFilesystem.call()Ljava/lang/Boolean;+436
j  application.ScanFilesystem.call()Ljava/lang/Object;+1
j  javafx.concurrent.Task$TaskCallable.call()Ljava/lang/Object;+26
j  java.util.concurrent.FutureTask.run()V+42
j  java.lang.Thread.run()V+11
v  ~StubRoutines::call_stub

---------------  P R O C E S S  ---------------

Java Threads: ( => current thread )
=>0x0000000016f41800 JavaThread "Thread-5" daemon [_thread_in_native, id=5928, stack(0x000000001f680000,0x000000001f780000)]
  0x0000000016c26800 JavaThread "Prism Font Disposer" daemon [_thread_blocked, id=2680, stack(0x000000001b2c0000,0x000000001b3c0000)]
  0x00000000169b9800 JavaThread "Thread-3" daemon [_thread_in_native, id=3748, stack(0x00000000195a0000,0x00000000196a0000)]
  0x00000000169b8800 JavaThread "Thread-2" daemon [_thread_in_native, id=2528, stack(0x00000000194a0000,0x00000000195a0000)]
  0x0000000016720800 JavaThread "Thread-1" daemon [_thread_blocked, id=7180, stack(0x00000000177a0000,0x00000000178a0000)]
  0x0000000016705000 JavaThread "QuantumRenderer-0" daemon [_thread_blocked, id=4028, stack(0x0000000017130000,0x0000000017230000)]
  0x0000000016370000 JavaThread "Service Thread" daemon [_thread_blocked, id=1496, stack(0x0000000016730000,0x0000000016830000)]
  0x00000000149ed000 JavaThread "C1 CompilerThread2" daemon [_thread_blocked, id=6628, stack(0x0000000016230000,0x0000000016330000)]
  0x00000000149e9800 JavaThread "C2 CompilerThread1" daemon [_thread_blocked, id=5400, stack(0x0000000016130000,0x0000000016230000)]
  0x00000000149f8800 JavaThread "C2 CompilerThread0" daemon [_thread_blocked, id=992, stack(0x0000000016030000,0x0000000016130000)]
  0x00000000149f7800 JavaThread "Attach Listener" daemon [_thread_blocked, id=3060, stack(0x0000000015f30000,0x0000000016030000)]
  0x00000000149f6000 JavaThread "Signal Dispatcher" daemon [_thread_blocked, id=6564, stack(0x0000000015e30000,0x0000000015f30000)]
  0x0000000002a8d800 JavaThread "Finalizer" daemon [_thread_blocked, id=7192, stack(0x0000000015c50000,0x0000000015d50000)]
  0x0000000002a82000 JavaThread "Reference Handler" daemon [_thread_blocked, id=7520, stack(0x0000000015b50000,0x0000000015c50000)]

Other Threads:
  0x00000000149b7800 VMThread [stack: 0x0000000015a50000,0x0000000015b50000] [id=156]

VM state:at safepoint (normal execution)

VM Mutex/Monitor currently owned by a thread:  ([mutex/lock_event])
[0x000000000298be30] Threads_lock - owner thread: 0x00000000149b7800
[0x000000000298c730] Heap_lock - owner thread: 0x0000000002990800

Heap:
 PSYoungGen      total 15360K, used 15218K [0x00000000eef00000, 0x00000000f0000000, 0x0000000100000000)
  eden space 13312K, 99% used [0x00000000eef00000,0x00000000efbe4800,0x00000000efc00000)
  from space 2048K, 98% used [0x00000000efe00000,0x00000000efff8020,0x00000000f0000000)
  to   space 2048K, 0% used [0x00000000efc00000,0x00000000efc00000,0x00000000efe00000)
 ParOldGen       total 35840K, used 2727K [0x00000000ccc00000, 0x00000000cef00000, 0x00000000eef00000)
  object space 35840K, 7% used [0x00000000ccc00000,0x00000000ccea9c18,0x00000000cef00000)
 Metaspace       used 17797K, capacity 18454K, committed 18560K, reserved 1064960K
  class space    used 2410K, capacity 2582K, committed 2688K, reserved 1048576K

Card table byte_map: [0x0000000011e50000,0x0000000011ff0000] byte_map_base: 0x00000000117ea000

Marking Bits: (ParMarkBitMap*) 0x00000000730c0600
 Begin Bits: [0x0000000012510000, 0x00000000131e0000)
 End Bits:   [0x00000000131e0000, 0x0000000013eb0000)

Polling page: 0x0000000000f40000

CodeCache: size=245760Kb used=6341Kb max_used=6341Kb free=239418Kb
 bounds [0x0000000002a90000, 0x00000000030d0000, 0x0000000011a90000]
 total_blobs=2777 nmethods=2124 adapters=566
 compilation: enabled

Compilation events (10 events):
Event: 7.930 Thread 0x00000000149ed000 2121       1       java.lang.invoke.MethodHandleImpl$IntrinsicMethodHandle::getTarget (5 bytes)
Event: 7.930 Thread 0x00000000149ed000 nmethod 2121 0x00000000030c2a90 code [0x00000000030c2be0, 0x00000000030c2cf0]
Event: 7.930 Thread 0x00000000149ed000 2122       1       java.lang.invoke.MethodHandle::internalForm (5 bytes)
Event: 7.931 Thread 0x00000000149ed000 nmethod 2122 0x00000000030c2110 code [0x00000000030c2260, 0x00000000030c2370]
Event: 7.931 Thread 0x00000000149ed000 2123       3       java.lang.Class::privateGetDeclaredConstructors (85 bytes)
Event: 7.932 Thread 0x00000000149ed000 nmethod 2123 0x00000000030c4810 code [0x00000000030c49e0, 0x00000000030c50d8]
Event: 7.932 Thread 0x00000000149ed000 2124       1       java.lang.invoke.SimpleMethodHandle::fieldCount (2 bytes)
Event: 7.932 Thread 0x00000000149ed000 nmethod 2124 0x00000000030c1e50 code [0x00000000030c1fa0, 0x00000000030c20b0]
Event: 7.941 Thread 0x00000000149ed000 2125       3       java.io.File::isInvalid (47 bytes)
Event: 7.941 Thread 0x00000000149ed000 nmethod 2125 0x00000000030c5390 code [0x00000000030c5520, 0x00000000030c5948]

GC Heap History (4 events):
Event: 2.687 GC heap before
{Heap before GC invocations=1 (full 0):
 PSYoungGen      total 15360K, used 13312K [0x00000000eef00000, 0x00000000f0000000, 0x0000000100000000)
  eden space 13312K, 100% used [0x00000000eef00000,0x00000000efc00000,0x00000000efc00000)
  from space 2048K, 0% used [0x00000000efe00000,0x00000000efe00000,0x00000000f0000000)
  to   space 2048K, 0% used [0x00000000efc00000,0x00000000efc00000,0x00000000efe00000)
 ParOldGen       total 35840K, used 0K [0x00000000ccc00000, 0x00000000cef00000, 0x00000000eef00000)
  object space 35840K, 0% used [0x00000000ccc00000,0x00000000ccc00000,0x00000000cef00000)
 Metaspace       used 9490K, capacity 9768K, committed 9984K, reserved 1058816K
  class space    used 1126K, capacity 1230K, committed 1280K, reserved 1048576K
Event: 2.693 GC heap after
Heap after GC invocations=1 (full 0):
 PSYoungGen      total 15360K, used 2032K [0x00000000eef00000, 0x00000000f0000000, 0x0000000100000000)
  eden space 13312K, 0% used [0x00000000eef00000,0x00000000eef00000,0x00000000efc00000)
  from space 2048K, 99% used [0x00000000efc00000,0x00000000efdfc040,0x00000000efe00000)
  to   space 2048K, 0% used [0x00000000efe00000,0x00000000efe00000,0x00000000f0000000)
 ParOldGen       total 35840K, used 530K [0x00000000ccc00000, 0x00000000cef00000, 0x00000000eef00000)
  object space 35840K, 1% used [0x00000000ccc00000,0x00000000ccc84be8,0x00000000cef00000)
 Metaspace       used 9490K, capacity 9768K, committed 9984K, reserved 1058816K
  class space    used 1126K, capacity 1230K, committed 1280K, reserved 1048576K
}
Event: 3.207 GC heap before
{Heap before GC invocations=2 (full 0):
 PSYoungGen      total 15360K, used 15344K [0x00000000eef00000, 0x00000000f0000000, 0x0000000100000000)
  eden space 13312K, 100% used [0x00000000eef00000,0x00000000efc00000,0x00000000efc00000)
  from space 2048K, 99% used [0x00000000efc00000,0x00000000efdfc040,0x00000000efe00000)
  to   space 2048K, 0% used [0x00000000efe00000,0x00000000efe00000,0x00000000f0000000)
 ParOldGen       total 35840K, used 530K [0x00000000ccc00000, 0x00000000cef00000, 0x00000000eef00000)
  object space 35840K, 1% used [0x00000000ccc00000,0x00000000ccc84be8,0x00000000cef00000)
 Metaspace       used 14728K, capacity 15242K, committed 15488K, reserved 1062912K
  class space    used 1993K, capacity 2158K, committed 2176K, reserved 1048576K
Event: 3.215 GC heap after
Heap after GC invocations=2 (full 0):
 PSYoungGen      total 15360K, used 2016K [0x00000000eef00000, 0x00000000f0000000, 0x0000000100000000)
  eden space 13312K, 0% used [0x00000000eef00000,0x00000000eef00000,0x00000000efc00000)
  from space 2048K, 98% used [0x00000000efe00000,0x00000000efff8020,0x00000000f0000000)
  to   space 2048K, 0% used [0x00000000efc00000,0x00000000efc00000,0x00000000efe00000)
 ParOldGen       total 35840K, used 2727K [0x00000000ccc00000, 0x00000000cef00000, 0x00000000eef00000)
  object space 35840K, 7% used [0x00000000ccc00000,0x00000000ccea9c18,0x00000000cef00000)
 Metaspace       used 14728K, capacity 15242K, committed 15488K, reserved 1062912K
  class space    used 1993K, capacity 2158K, committed 2176K, reserved 1048576K
}

Deoptimization events (10 events):
Event: 3.158 Thread 0x0000000016944800 Uncommon trap: reason=class_check action=maybe_recompile pc=0x0000000002d72520 method=java.io.DataInputStream.readShort()S @ 4
Event: 3.158 Thread 0x0000000016944800 Uncommon trap: reason=class_check action=maybe_recompile pc=0x0000000002d72520 method=java.io.DataInputStream.readShort()S @ 4
Event: 3.158 Thread 0x0000000016944800 Uncommon trap: reason=class_check action=maybe_recompile pc=0x0000000002d72520 method=java.io.DataInputStream.readShort()S @ 4
Event: 3.158 Thread 0x0000000016944800 Uncommon trap: reason=class_check action=maybe_recompile pc=0x0000000002d72520 method=java.io.DataInputStream.readShort()S @ 4
Event: 3.163 Thread 0x0000000016944800 Uncommon trap: reason=class_check action=maybe_recompile pc=0x0000000002baff30 method=java.lang.String.equals(Ljava/lang/Object;)Z @ 8
Event: 3.163 Thread 0x0000000016944800 Uncommon trap: reason=class_check action=maybe_recompile pc=0x0000000002baff30 method=java.lang.String.equals(Ljava/lang/Object;)Z @ 8
Event: 3.163 Thread 0x0000000016944800 Uncommon trap: reason=class_check action=maybe_recompile pc=0x0000000002baff30 method=java.lang.String.equals(Ljava/lang/Object;)Z @ 8
Event: 3.165 Thread 0x0000000016944800 Uncommon trap: reason=class_check action=maybe_recompile pc=0x0000000002baff30 method=java.lang.String.equals(Ljava/lang/Object;)Z @ 8
Event: 4.862 Thread 0x0000000016944800 Uncommon trap: reason=unstable_if action=reinterpret pc=0x0000000002e1d0f8 method=jdk.internal.org.objectweb.asm.Type.getArgumentsAndReturnSizes(Ljava/lang/String;)I @ 47
Event: 5.003 Thread 0x0000000016944800 Uncommon trap: reason=unstable_if action=reinterpret pc=0x0000000002e7bd6c method=java.lang.ClassLoader.checkName(Ljava/lang/String;)Z @ 20

Internal exceptions (10 events):
Event: 0.211 Thread 0x0000000002990800 Exception <a 'java/security/PrivilegedActionException'> (0x00000000ef15e218) thrown at [C:\re\workspace\8-2-build-windows-amd64-cygwin\jdk8u72\5732\hotspot\src\share\vm\prims\jvm.cpp, line 1386]
Event: 0.211 Thread 0x0000000002990800 Exception <a 'java/security/PrivilegedActionException'> (0x00000000ef15e428) thrown at [C:\re\workspace\8-2-build-windows-amd64-cygwin\jdk8u72\5732\hotspot\src\share\vm\prims\jvm.cpp, line 1386]
Event: 0.212 Thread 0x0000000002990800 Exception <a 'java/security/PrivilegedActionException'> (0x00000000ef162270) thrown at [C:\re\workspace\8-2-build-windows-amd64-cygwin\jdk8u72\5732\hotspot\src\share\vm\prims\jvm.cpp, line 1386]
Event: 0.212 Thread 0x0000000002990800 Exception <a 'java/security/PrivilegedActionException'> (0x00000000ef162480) thrown at [C:\re\workspace\8-2-build-windows-amd64-cygwin\jdk8u72\5732\hotspot\src\share\vm\prims\jvm.cpp, line 1386]
Event: 0.213 Thread 0x0000000002990800 Exception <a 'java/lang/NullPointerException'> (0x00000000ef162a58) thrown at [C:\re\workspace\8-2-build-windows-amd64-cygwin\jdk8u72\5732\hotspot\src\share\vm\interpreter\linkResolver.cpp, line 1178]
Event: 2.741 Thread 0x0000000016944800 Exception <a 'java/lang/NullPointerException'> (0x00000000ef0ccd30) thrown at [C:\re\workspace\8-2-build-windows-amd64-cygwin\jdk8u72\5732\hotspot\src\share\vm\interpreter\linkResolver.cpp, line 1178]
Event: 2.741 Thread 0x0000000016944800 Exception <a 'java/lang/NullPointerException'> (0x00000000ef0ccd30) thrown at [C:\re\workspace\8-2-build-windows-amd64-cygwin\jdk8u72\5732\hotspot\src\share\vm\prims\jvm.cpp, line 1390]
Event: 2.859 Thread 0x0000000016944800 Exception <a 'java/lang/ArrayIndexOutOfBoundsException'> (0x00000000ef43acf0) thrown at [C:\re\workspace\8-2-build-windows-amd64-cygwin\jdk8u72\5732\hotspot\src\share\vm\runtime\sharedRuntime.cpp, line 605]
Event: 2.859 Thread 0x0000000016944800 Exception <a 'java/lang/ArrayIndexOutOfBoundsException'> (0x00000000ef43b9f0) thrown at [C:\re\workspace\8-2-build-windows-amd64-cygwin\jdk8u72\5732\hotspot\src\share\vm\runtime\sharedRuntime.cpp, line 605]
Event: 2.859 Thread 0x0000000016944800 Exception <a 'java/lang/ArrayIndexOutOfBoundsException'> (0x00000000ef43cd98) thrown at [C:\re\workspace\8-2-build-windows-amd64-cygwin\jdk8u72\5732\hotspot\src\share\vm\runtime\sharedRuntime.cpp, line 605]

Events (10 events):
Event: 7.936 Thread 0x0000000002990800 Thread exited: 0x0000000002990800
Event: 7.936 Thread 0x0000000002990800 Thread added: 0x0000000002990800
Event: 7.939 Thread 0x0000000016944800 Thread exited: 0x0000000016944800
Event: 7.939 loading class java/util/IdentityHashMap$KeySet
Event: 7.939 loading class java/util/IdentityHashMap$KeySet done
Event: 7.940 loading class java/util/IdentityHashMap$KeyIterator
Event: 7.940 loading class java/util/IdentityHashMap$IdentityHashMapIterator
Event: 7.940 loading class java/util/IdentityHashMap$IdentityHashMapIterator done
Event: 7.940 loading class java/util/IdentityHashMap$KeyIterator done
Event: 7.942 Thread 0x0000000002990800 Thread exited: 0x0000000002990800


Dynamic libraries:
0x00007ff7d3bc0000 - 0x00007ff7d3bf7000 	C:\Program Files\Java\jdk1.8.0_72\jre\bin\java.exe
0x00007ff961c70000 - 0x00007ff961e1c000 	C:\WINDOWS\SYSTEM32\ntdll.dll
0x00007ff961b30000 - 0x00007ff961c6e000 	C:\WINDOWS\system32\KERNEL32.DLL
0x00007ff95f190000 - 0x00007ff95f2a5000 	C:\WINDOWS\system32\KERNELBASE.dll
0x00007ff95d970000 - 0x00007ff95d9fe000 	C:\WINDOWS\system32\apphelp.dll
0x00007ff953470000 - 0x00007ff9534c3000 	C:\WINDOWS\AppPatch\AppPatch64\AcGenral.DLL
0x00007ff9617b0000 - 0x00007ff96185a000 	C:\WINDOWS\system32\msvcrt.dll
0x00007ff95eba0000 - 0x00007ff95ebce000 	C:\WINDOWS\SYSTEM32\SspiCli.dll
0x00007ff95f300000 - 0x00007ff95f354000 	C:\WINDOWS\system32\SHLWAPI.dll
0x00007ff961860000 - 0x00007ff9619d7000 	C:\WINDOWS\system32\USER32.dll
0x00007ff961090000 - 0x00007ff961224000 	C:\WINDOWS\system32\ole32.dll
0x00007ff95f370000 - 0x00007ff960889000 	C:\WINDOWS\system32\SHELL32.dll
0x00007ff95e420000 - 0x00007ff95e441000 	C:\WINDOWS\SYSTEM32\USERENV.dll
0x00007ff961520000 - 0x00007ff9615ca000 	C:\WINDOWS\system32\ADVAPI32.dll
0x00007ff957f30000 - 0x00007ff957f4e000 	C:\WINDOWS\SYSTEM32\MPR.dll
0x00007ff961240000 - 0x00007ff961381000 	C:\WINDOWS\system32\RPCRT4.dll
0x00007ff9615d0000 - 0x00007ff961629000 	C:\WINDOWS\SYSTEM32\sechost.dll
0x00007ff9609e0000 - 0x00007ff960bf1000 	C:\WINDOWS\SYSTEM32\combase.dll
0x00007ff9619e0000 - 0x00007ff961b2f000 	C:\WINDOWS\system32\GDI32.dll
0x00007ff95edd0000 - 0x00007ff95ede5000 	C:\WINDOWS\SYSTEM32\profapi.dll
0x00007ff95d320000 - 0x00007ff95d3d2000 	C:\WINDOWS\SYSTEM32\SHCORE.dll
0x00007ff960e70000 - 0x00007ff960ea6000 	C:\WINDOWS\system32\IMM32.DLL
0x00007ff961390000 - 0x00007ff9614e2000 	C:\WINDOWS\system32\MSCTF.dll
0x00007ff95c660000 - 0x00007ff95c8da000 	C:\WINDOWS\WinSxS\amd64_microsoft.windows.common-controls_6595b64144ccf1df_6.0.9600.17810_none_6240b9c7ecbd0bda\COMCTL32.dll
0x00000000727d0000 - 0x00000000728a2000 	C:\Program Files\Java\jdk1.8.0_72\jre\bin\msvcr100.dll
0x00000000728b0000 - 0x0000000073140000 	C:\Program Files\Java\jdk1.8.0_72\jre\bin\server\jvm.dll
0x00007ff95b0b0000 - 0x00007ff95b0b9000 	C:\WINDOWS\SYSTEM32\WSOCK32.dll
0x00007ff957ef0000 - 0x00007ff957f12000 	C:\WINDOWS\SYSTEM32\WINMM.dll
0x00007ff95c8e0000 - 0x00007ff95c8ea000 	C:\WINDOWS\SYSTEM32\VERSION.dll
0x00007ff9614f0000 - 0x00007ff9614f7000 	C:\WINDOWS\system32\PSAPI.DLL
0x00007ff960e10000 - 0x00007ff960e6a000 	C:\WINDOWS\system32\WS2_32.dll
0x00007ff957ec0000 - 0x00007ff957eea000 	C:\WINDOWS\SYSTEM32\WINMMBASE.dll
0x00007ff9609d0000 - 0x00007ff9609d9000 	C:\WINDOWS\system32\NSI.dll
0x00007ff95f2b0000 - 0x00007ff95f2ff000 	C:\WINDOWS\SYSTEM32\cfgmgr32.dll
0x00007ff95dbf0000 - 0x00007ff95dc18000 	C:\WINDOWS\SYSTEM32\DEVOBJ.dll
0x0000000072780000 - 0x000000007278f000 	C:\Program Files\Java\jdk1.8.0_72\jre\bin\verify.dll
0x0000000072750000 - 0x0000000072779000 	C:\Program Files\Java\jdk1.8.0_72\jre\bin\java.dll
0x0000000072730000 - 0x0000000072746000 	C:\Program Files\Java\jdk1.8.0_72\jre\bin\zip.dll
0x00007ff94f100000 - 0x00007ff94f1ef000 	C:\Program Files\Java\jdk1.8.0_72\jre\bin\msvcr120.dll
0x00007ff950310000 - 0x00007ff9503b6000 	C:\Program Files\Java\jdk1.8.0_72\jre\bin\msvcp120.dll
0x00000000702e0000 - 0x0000000070303000 	C:\Program Files\Java\jdk1.8.0_72\jre\bin\prism_d3d.dll
0x00007ff94d630000 - 0x00007ff94d851000 	C:\WINDOWS\system32\d3d9.dll
0x00007ff95d870000 - 0x00007ff95d891000 	C:\WINDOWS\SYSTEM32\dwmapi.dll
0x00007ff95da40000 - 0x00007ff95db69000 	C:\WINDOWS\system32\uxtheme.dll
0x000000006fa00000 - 0x000000006fa43000 	C:\Program Files\Java\jdk1.8.0_72\jre\bin\glass.dll
0x00007ff961630000 - 0x00007ff9616e6000 	C:\WINDOWS\system32\COMDLG32.dll
0x00007ff960900000 - 0x00007ff9609c1000 	C:\WINDOWS\system32\OLEAUT32.dll
0x00007ff95dbc0000 - 0x00007ff95dbcb000 	C:\WINDOWS\SYSTEM32\kernel.appcore.dll
0x00007ff95ec40000 - 0x00007ff95ec4b000 	C:\WINDOWS\SYSTEM32\CRYPTBASE.dll
0x00007ff95ebd0000 - 0x00007ff95ec33000 	C:\WINDOWS\SYSTEM32\bcryptPrimitives.dll
0x0000000072710000 - 0x000000007272a000 	C:\Program Files\Java\jdk1.8.0_72\jre\bin\net.dll
0x00007ff95e5e0000 - 0x00007ff95e639000 	C:\WINDOWS\system32\mswsock.dll
0x00000000726f0000 - 0x0000000072701000 	C:\Program Files\Java\jdk1.8.0_72\jre\bin\nio.dll
0x00007ff95e640000 - 0x00007ff95e660000 	C:\WINDOWS\SYSTEM32\CRYPTSP.dll
0x00007ff95e370000 - 0x00007ff95e3a6000 	C:\WINDOWS\system32\rsaenh.dll
0x00007ff95e890000 - 0x00007ff95e8b6000 	C:\WINDOWS\SYSTEM32\bcrypt.dll
0x00007ff95b780000 - 0x00007ff95b7aa000 	C:\WINDOWS\SYSTEM32\IPHLPAPI.DLL
0x00007ff95c4b0000 - 0x00007ff95c4ba000 	C:\WINDOWS\SYSTEM32\WINNSI.DLL
0x00007ff95a550000 - 0x00007ff95a566000 	C:\WINDOWS\SYSTEM32\dhcpcsvc6.DLL
0x00007ff95a7d0000 - 0x00007ff95a7ea000 	C:\WINDOWS\SYSTEM32\dhcpcsvc.DLL
0x000000006d580000 - 0x000000006d63d000 	C:\Users\admin\AppData\Local\Temp\sqlite-3.8.11.2-be85c8b9-e2b2-449a-96c7-d85ec55cbb28-sqlitejdbc.dll
0x000000006f9e0000 - 0x000000006f9f4000 	C:\Program Files\Java\jdk1.8.0_72\jre\bin\javafx_font.dll
0x00007ff95bbb0000 - 0x00007ff95bd9c000 	C:\WINDOWS\SYSTEM32\dwrite.dll
0x00007ff9616f0000 - 0x00007ff9617a6000 	C:\WINDOWS\SYSTEM32\clbcatq.dll
0x00007ff959a50000 - 0x00007ff959bfe000 	C:\WINDOWS\SYSTEM32\WindowsCodecs.dll
0x00007ff956d00000 - 0x00007ff957181000 	C:\WINDOWS\SYSTEM32\d2d1.dll
0x00007ff95b970000 - 0x00007ff95bba3000 	C:\WINDOWS\SYSTEM32\d3d11.dll
0x00007ff95d4e0000 - 0x00007ff95d567000 	C:\WINDOWS\SYSTEM32\dxgi.dll
0x00007ff9571f0000 - 0x00007ff95744f000 	C:\WINDOWS\SYSTEM32\D3D10Warp.dll
0x000000006f9c0000 - 0x000000006f9d1000 	C:\Program Files\Java\jdk1.8.0_72\jre\bin\prism_common.dll
0x00007ff94f470000 - 0x00007ff94f5f9000 	C:\WINDOWS\SYSTEM32\dbghelp.dll

VM Arguments:
jvm_args: -Dfile.encoding=UTF-8 
java_command: D:\AASS\IOFM\dist\run1578038183\IOFM.jar
java_class_path (initial): D:\AASS\IOFM\dist\run1578038183\IOFM.jar
Launcher Type: SUN_STANDARD

Environment Variables:
PATH=C:\ProgramData\Oracle\Java\javapath;C:\WINDOWS\system32;C:\WINDOWS;C:\WINDOWS\System32\Wbem;C:\WINDOWS\System32\WindowsPowerShell\v1.0\;C:\Program Files (x86)\ATI Technologies\ATI.ACE\Core-Static;C:\Program Files (x86)\Microsoft SQL Server\90\Tools\binn\;C:\Program Files (x86)\Common Files\lenovo\easyplussdk\bin;C:\Program Files\Java\jdk1.8.0_25\lib;C:\Program Files\Java\jdk1.8.0_25\bin
USERNAME=ARAVIND
OS=Windows_NT
PROCESSOR_IDENTIFIER=AMD64 Family 21 Model 19 Stepping 1, AuthenticAMD



---------------  S Y S T E M  ---------------

OS: Windows 8.1 , 64 bit Build 9600 (6.3.9600.17415)

CPU:total 4 (4 cores per cpu, 1 threads per core) family 21 model 19 stepping 1, cmov, cx8, fxsr, mmx, sse, sse2, sse3, ssse3, sse4.1, sse4.2, popcnt, avx, aes, clmul, mmxext, 3dnowpref, lzcnt, sse4a, tsc, tscinvbit, tscinv, bmi1

Memory: 4k page, physical 3357968k(1006096k free), swap 5317288k(1243132k free)

vm_info: Java HotSpot(TM) 64-Bit Server VM (25.72-b15) for windows-amd64 JRE (1.8.0_72-b15), built on Dec 22 2015 19:16:16 by "java_re" with MS VC++ 10.0 (VS2010)

time: Sun May 08 22:04:31 2016
elapsed time: 8 seconds (0d 0h 0m 8s)

